[28-11-2014 16:39:38]  Task start.
[28-11-2014 16:39:38]  Input file: \\ubuntu1\www_ubuntu_1\gestor\escaneados\backup\Cbr_004033.pdf
[28-11-2014 16:39:38]  Load file success.
[28-11-2014 16:39:38]  Processce file.
[28-11-2014 16:39:39]  0 blank page(s) have been deleted.
[28-11-2014 16:40:32]  Save to: \\UBUNTU1\www_ubuntu_1\gestor\escaneados\Cbr_004033.pdf
[28-11-2014 16:40:32]  Task end.
[28-11-2014 16:40:34]  Task start.
[28-11-2014 16:40:34]  Input file: \\ubuntu1\www_ubuntu_1\gestor\escaneados\backup\Cbr_004035.pdf
[28-11-2014 16:40:34]  Load file success.
[28-11-2014 16:40:34]  Processce file.
[28-11-2014 16:40:36]  0 blank page(s) have been deleted.
[28-11-2014 16:41:04]  Task start.
[28-11-2014 16:41:04]  Input file: \\ubuntu1\www_ubuntu_1\gestor\escaneados\backup\Cbr_004037.pdf
[28-11-2014 16:41:04]  Load file success.
[28-11-2014 16:41:04]  Processce file.
[28-11-2014 16:41:06]  0 blank page(s) have been deleted.
[28-11-2014 16:42:51]  Save to: \\UBUNTU1\www_ubuntu_1\gestor\escaneados\Cbr_004037.pdf
[28-11-2014 16:42:51]  Task end.
[28-11-2014 16:43:19]  Save to: \\UBUNTU1\www_ubuntu_1\gestor\escaneados\Cbr_004035.pdf
[28-11-2014 16:43:19]  Task end.
[28-11-2014 16:43:20]  Task start.
[28-11-2014 16:43:20]  Input file: \\ubuntu1\www_ubuntu_1\gestor\escaneados\backup\Cbr_004041.pdf
[28-11-2014 16:43:20]  Load file success.
[28-11-2014 16:43:20]  Processce file.
[28-11-2014 16:43:22]  0 blank page(s) have been deleted.
[28-11-2014 16:43:50]  Task start.
[28-11-2014 16:43:50]  Input file: \\ubuntu1\www_ubuntu_1\gestor\escaneados\backup\Cbr_004045.pdf
[28-11-2014 16:43:50]  Load file success.
[28-11-2014 16:43:50]  Processce file.
[28-11-2014 16:43:52]  0 blank page(s) have been deleted.
[28-11-2014 16:43:52]  Task start.
[28-11-2014 16:43:52]  Input file: \\ubuntu1\www_ubuntu_1\gestor\escaneados\backup\Cbr_004049.pdf
[28-11-2014 16:43:53]  Load file success.
[28-11-2014 16:43:53]  Processce file.
[28-11-2014 16:43:55]  0 blank page(s) have been deleted.
[28-11-2014 16:45:46]  Save to: \\UBUNTU1\www_ubuntu_1\gestor\escaneados\Cbr_004049.pdf
[28-11-2014 16:45:46]  Task end.
[28-11-2014 16:47:35]  Save to: \\UBUNTU1\www_ubuntu_1\gestor\escaneados\Cbr_004045.pdf
[28-11-2014 16:47:35]  Task end.
[28-11-2014 16:49:00]  Save to: \\UBUNTU1\www_ubuntu_1\gestor\escaneados\Cbr_004041.pdf
[28-11-2014 16:49:00]  Task end.
[28-11-2014 17:06:27]  Task start.
[28-11-2014 17:06:27]  Input file: v:\gestor\escaneados\backup\Cbr_004055.pdf
[28-11-2014 17:06:27]  Load file success.
[28-11-2014 17:06:27]  Processce file.
[28-11-2014 17:06:29]  0 blank page(s) have been deleted.
[28-11-2014 17:06:30]  Save to: V:\gestor\escaneados\Cbr_004055.pdf
[28-11-2014 17:06:30]  Task end.
[28-11-2014 17:12:45]  Task start.
[28-11-2014 17:12:45]  Input file: v:\gestor\escaneados\backup\Cbr_004057.pdf
[28-11-2014 17:12:45]  Load file success.
[28-11-2014 17:12:45]  Processce file.
[28-11-2014 17:12:49]  1 blank page(s) have been deleted.
[28-11-2014 17:12:50]  Save to: V:\gestor\escaneados\Cbr_004057.pdf
[28-11-2014 17:12:50]  Task end.
[28-11-2014 17:13:19]  Task start.
[28-11-2014 17:13:19]  Input file: v:\gestor\escaneados\backup\Cbr_004063.pdf
[28-11-2014 17:13:19]  Load file success.
[28-11-2014 17:13:19]  Processce file.
[28-11-2014 17:13:22]  1 blank page(s) have been deleted.
[28-11-2014 17:13:24]  Save to: V:\gestor\escaneados\Cbr_004063.pdf
[28-11-2014 17:13:24]  Task end.
[28-11-2014 17:13:45]  Task start.
[28-11-2014 17:13:45]  Input file: v:\gestor\escaneados\backup\Cbr_004069.pdf
[28-11-2014 17:13:45]  Load file success.
[28-11-2014 17:13:45]  Processce file.
[28-11-2014 17:13:47]  0 blank page(s) have been deleted.
[28-11-2014 17:13:48]  Save to: V:\gestor\escaneados\Cbr_004069.pdf
[28-11-2014 17:13:48]  Task end.
[28-11-2014 17:14:19]  Task start.
[28-11-2014 17:14:19]  Input file: v:\gestor\escaneados\backup\Cbr_004073.pdf
[28-11-2014 17:14:20]  Load file success.
[28-11-2014 17:14:20]  Processce file.
[28-11-2014 17:14:22]  1 blank page(s) have been deleted.
[28-11-2014 17:14:24]  Save to: V:\gestor\escaneados\Cbr_004073.pdf
[28-11-2014 17:14:24]  Task end.
[28-11-2014 17:14:50]  Task start.
[28-11-2014 17:14:50]  Input file: v:\gestor\escaneados\backup\Cbr_004079.pdf
[28-11-2014 17:14:51]  Load file success.
[28-11-2014 17:14:51]  Processce file.
[28-11-2014 17:14:53]  1 blank page(s) have been deleted.
[28-11-2014 17:14:55]  Save to: V:\gestor\escaneados\Cbr_004079.pdf
[28-11-2014 17:14:55]  Task end.
[28-11-2014 17:20:15]  Task start.
[28-11-2014 17:20:15]  Input file: v:\gestor\escaneados\backup\Cbr_004085.pdf
[28-11-2014 17:20:15]  Load file success.
[28-11-2014 17:20:15]  Processce file.
[28-11-2014 17:20:16]  0 blank page(s) have been deleted.
[28-11-2014 17:20:17]  Save to: V:\gestor\escaneados\Cbr_004085.pdf
[28-11-2014 17:20:17]  Task end.
[28-11-2014 17:20:45]  Task start.
[28-11-2014 17:20:45]  Input file: v:\gestor\escaneados\backup\Cbr_004087.pdf
[28-11-2014 17:20:45]  Load file success.
[28-11-2014 17:20:45]  Processce file.
[28-11-2014 17:20:48]  1 blank page(s) have been deleted.
[28-11-2014 17:20:49]  Save to: V:\gestor\escaneados\Cbr_004087.pdf
[28-11-2014 17:20:49]  Task end.
[28-11-2014 17:21:11]  Task start.
[28-11-2014 17:21:11]  Input file: v:\gestor\escaneados\backup\Cbr_004093.pdf
[28-11-2014 17:21:11]  Load file success.
[28-11-2014 17:21:11]  Processce file.
[28-11-2014 17:21:13]  1 blank page(s) have been deleted.
[28-11-2014 17:21:14]  Save to: V:\gestor\escaneados\Cbr_004093.pdf
[28-11-2014 17:21:14]  Task end.
[28-11-2014 17:21:37]  Task start.
[28-11-2014 17:21:37]  Input file: v:\gestor\escaneados\backup\Cbr_004097.pdf
[28-11-2014 17:21:38]  Load file success.
[28-11-2014 17:21:38]  Processce file.
[28-11-2014 17:21:39]  0 blank page(s) have been deleted.
[28-11-2014 17:21:39]  Save to: V:\gestor\escaneados\Cbr_004097.pdf
[28-11-2014 17:21:39]  Task end.
[28-11-2014 17:21:58]  Task start.
[28-11-2014 17:21:58]  Input file: v:\gestor\escaneados\backup\Cbr_004099.pdf
[28-11-2014 17:21:58]  Load file success.
[28-11-2014 17:21:59]  Processce file.
[28-11-2014 17:22:00]  0 blank page(s) have been deleted.
[28-11-2014 17:22:00]  Save to: V:\gestor\escaneados\Cbr_004099.pdf
[28-11-2014 17:22:00]  Task end.
[28-11-2014 17:27:16]  Task start.
[28-11-2014 17:27:16]  Input file: v:\gestor\escaneados\backup\Cbr_004101.pdf
[28-11-2014 17:27:17]  Load file success.
[28-11-2014 17:27:17]  Processce file.
[28-11-2014 17:27:18]  0 blank page(s) have been deleted.
[28-11-2014 17:27:18]  Save to: V:\gestor\escaneados\Cbr_004101.pdf
[28-11-2014 17:27:18]  Task end.
[28-11-2014 17:27:39]  Task start.
[28-11-2014 17:27:39]  Input file: v:\gestor\escaneados\backup\Cbr_004103.pdf
[28-11-2014 17:27:39]  Load file success.
[28-11-2014 17:27:40]  Processce file.
[28-11-2014 17:27:41]  0 blank page(s) have been deleted.
[28-11-2014 17:27:41]  Save to: V:\gestor\escaneados\Cbr_004103.pdf
[28-11-2014 17:27:41]  Task end.
[28-11-2014 17:28:04]  Task start.
[28-11-2014 17:28:04]  Input file: v:\gestor\escaneados\backup\Cbr_004105.pdf
[28-11-2014 17:28:04]  Load file success.
[28-11-2014 17:28:04]  Processce file.
[28-11-2014 17:28:05]  0 blank page(s) have been deleted.
[28-11-2014 17:28:06]  Save to: V:\gestor\escaneados\Cbr_004105.pdf
[28-11-2014 17:28:06]  Task end.
[28-11-2014 17:28:30]  Task start.
[28-11-2014 17:28:30]  Input file: v:\gestor\escaneados\backup\Cbr_004107.pdf
[28-11-2014 17:28:30]  Load file success.
[28-11-2014 17:28:30]  Processce file.
[28-11-2014 17:28:31]  0 blank page(s) have been deleted.
[28-11-2014 17:28:32]  Save to: V:\gestor\escaneados\Cbr_004107.pdf
[28-11-2014 17:28:32]  Task end.
[28-11-2014 17:29:02]  Task start.
[28-11-2014 17:29:02]  Input file: v:\gestor\escaneados\backup\Cbr_004109.pdf
[28-11-2014 17:29:03]  Load file success.
[28-11-2014 17:29:03]  Processce file.
[28-11-2014 17:29:07]  1 blank page(s) have been deleted.
[28-11-2014 17:29:08]  Save to: V:\gestor\escaneados\Cbr_004109.pdf
[28-11-2014 17:29:08]  Task end.
[28-11-2014 17:29:30]  Task start.
[28-11-2014 17:29:30]  Input file: v:\gestor\escaneados\backup\Cbr_004115.pdf
[28-11-2014 17:29:30]  Load file success.
[28-11-2014 17:29:30]  Processce file.
[28-11-2014 17:29:32]  0 blank page(s) have been deleted.
[28-11-2014 17:29:33]  Save to: V:\gestor\escaneados\Cbr_004115.pdf
[28-11-2014 17:29:33]  Task end.
[28-11-2014 17:32:09]  Task start.
[28-11-2014 17:32:09]  Input file: v:\gestor\escaneados\backup\Cbr_004125.pdf
[28-11-2014 17:32:09]  Load file success.
[28-11-2014 17:32:10]  Processce file.
[28-11-2014 17:32:12]  1 blank page(s) have been deleted.
[28-11-2014 17:32:14]  Save to: V:\gestor\escaneados\Cbr_004125.pdf
[28-11-2014 17:32:14]  Task end.
[28-11-2014 17:32:37]  Task start.
[28-11-2014 17:32:37]  Input file: v:\gestor\escaneados\backup\Cbr_004131.pdf
[28-11-2014 17:32:37]  Load file success.
[28-11-2014 17:32:37]  Processce file.
[28-11-2014 17:32:39]  0 blank page(s) have been deleted.
[28-11-2014 17:32:40]  Save to: V:\gestor\escaneados\Cbr_004131.pdf
[28-11-2014 17:32:40]  Task end.
[28-11-2014 17:33:08]  Task start.
[28-11-2014 17:33:08]  Input file: v:\gestor\escaneados\backup\Cbr_004135.pdf
[28-11-2014 17:33:09]  Load file success.
[28-11-2014 17:33:09]  Processce file.
[28-11-2014 17:33:13]  1 blank page(s) have been deleted.
[28-11-2014 17:33:14]  Save to: V:\gestor\escaneados\Cbr_004135.pdf
[28-11-2014 17:33:14]  Task end.
[28-11-2014 17:33:38]  Task start.
[28-11-2014 17:33:38]  Input file: v:\gestor\escaneados\backup\Cbr_004141.pdf
[28-11-2014 17:33:38]  Load file success.
[28-11-2014 17:33:38]  Processce file.
[28-11-2014 17:33:41]  0 blank page(s) have been deleted.
[28-11-2014 17:33:42]  Save to: V:\gestor\escaneados\Cbr_004141.pdf
[28-11-2014 17:33:43]  Task end.
[28-11-2014 17:34:04]  Task start.
[28-11-2014 17:34:04]  Input file: v:\gestor\escaneados\backup\Cbr_004145.pdf
[28-11-2014 17:34:04]  Load file success.
[28-11-2014 17:34:04]  Processce file.
[28-11-2014 17:34:05]  0 blank page(s) have been deleted.
[28-11-2014 17:34:06]  Save to: V:\gestor\escaneados\Cbr_004145.pdf
[28-11-2014 17:34:06]  Task end.
[28-11-2014 17:34:25]  Task start.
[28-11-2014 17:34:25]  Input file: v:\gestor\escaneados\backup\Cbr_004147.pdf
[28-11-2014 17:34:26]  Load file success.
[28-11-2014 17:34:26]  Processce file.
[28-11-2014 17:34:27]  0 blank page(s) have been deleted.
[28-11-2014 17:34:35]  Save to: V:\gestor\escaneados\Cbr_004147.pdf
[28-11-2014 17:34:35]  Task end.
[28-11-2014 17:47:38]  Task start.
[28-11-2014 17:47:38]  Input file: v:\gestor\escaneados\backup\Cbr_004149.pdf
[28-11-2014 17:47:39]  Load file success.
[28-11-2014 17:47:39]  Processce file.
[28-11-2014 17:47:41]  0 blank page(s) have been deleted.
[28-11-2014 17:47:42]  Save to: V:\gestor\escaneados\Cbr_004149.pdf
[28-11-2014 17:47:42]  Task end.
[28-11-2014 17:48:21]  Task start.
[28-11-2014 17:48:21]  Input file: v:\gestor\escaneados\backup\Cbr_004153.pdf
[28-11-2014 17:48:21]  Load file success.
[28-11-2014 17:48:21]  Processce file.
[28-11-2014 17:48:23]  1 blank page(s) have been deleted.
[28-11-2014 17:48:25]  Save to: V:\gestor\escaneados\Cbr_004153.pdf
[28-11-2014 17:48:25]  Task end.
[28-11-2014 17:48:56]  Task start.
[28-11-2014 17:48:56]  Input file: v:\gestor\escaneados\backup\Cbr_004157.pdf
[28-11-2014 17:48:57]  Load file success.
[28-11-2014 17:48:57]  Processce file.
[28-11-2014 17:49:01]  1 blank page(s) have been deleted.
[28-11-2014 17:49:03]  Save to: V:\gestor\escaneados\Cbr_004157.pdf
[28-11-2014 17:49:03]  Task end.
