[01-12-2014 8:33:19]  Task start.
[01-12-2014 8:33:19]  Input file: v:\gestor\escaneados\backup\Cbr_004165.pdf
[01-12-2014 8:33:19]  Load file success.
[01-12-2014 8:33:19]  Processce file.
[01-12-2014 8:33:22]  0 blank page(s) have been deleted.
[01-12-2014 8:33:23]  Save to: V:\gestor\escaneados\Cbr_004165.pdf
[01-12-2014 8:33:23]  Task end.
[01-12-2014 8:34:16]  Task start.
[01-12-2014 8:34:16]  Input file: v:\gestor\escaneados\backup\Cbr_004169.pdf
[01-12-2014 8:34:16]  Load file success.
[01-12-2014 8:34:16]  Processce file.
[01-12-2014 8:34:19]  0 blank page(s) have been deleted.
[01-12-2014 8:34:21]  Save to: V:\gestor\escaneados\Cbr_004169.pdf
[01-12-2014 8:34:21]  Task end.
[01-12-2014 8:36:15]  Task start.
[01-12-2014 8:36:15]  Input file: v:\gestor\escaneados\backup\Cbr_004173.pdf
[01-12-2014 8:36:15]  Load file success.
[01-12-2014 8:36:15]  Processce file.
[01-12-2014 8:36:29]  1 blank page(s) have been deleted.
[01-12-2014 8:36:34]  Save to: V:\gestor\escaneados\Cbr_004173.pdf
[01-12-2014 8:36:34]  Task end.
[01-12-2014 8:36:44]  Task start.
[01-12-2014 8:36:44]  Input file: v:\gestor\escaneados\backup\Cbr_004191.pdf
[01-12-2014 8:36:44]  Load file success.
[01-12-2014 8:36:44]  Processce file.
[01-12-2014 8:36:46]  0 blank page(s) have been deleted.
[01-12-2014 8:36:48]  Save to: V:\gestor\escaneados\Cbr_004191.pdf
[01-12-2014 8:36:48]  Task end.
[01-12-2014 8:37:16]  Task start.
[01-12-2014 8:37:16]  Input file: v:\gestor\escaneados\backup\Cbr_004195.pdf
[01-12-2014 8:37:16]  Load file success.
[01-12-2014 8:37:16]  Processce file.
[01-12-2014 8:37:18]  0 blank page(s) have been deleted.
[01-12-2014 8:37:20]  Save to: V:\gestor\escaneados\Cbr_004195.pdf
[01-12-2014 8:37:20]  Task end.
[01-12-2014 8:37:48]  Task start.
[01-12-2014 8:37:48]  Input file: v:\gestor\escaneados\backup\Cbr_004199.pdf
[01-12-2014 8:37:48]  Load file success.
[01-12-2014 8:37:48]  Processce file.
[01-12-2014 8:37:51]  0 blank page(s) have been deleted.
[01-12-2014 8:37:53]  Save to: V:\gestor\escaneados\Cbr_004199.pdf
[01-12-2014 8:37:53]  Task end.
[01-12-2014 8:38:24]  Task start.
[01-12-2014 8:38:24]  Input file: v:\gestor\escaneados\backup\Cbr_004203.pdf
[01-12-2014 8:38:24]  Load file success.
[01-12-2014 8:38:24]  Processce file.
[01-12-2014 8:38:26]  0 blank page(s) have been deleted.
[01-12-2014 8:38:28]  Save to: V:\gestor\escaneados\Cbr_004203.pdf
[01-12-2014 8:38:28]  Task end.
[01-12-2014 8:39:02]  Task start.
[01-12-2014 8:39:02]  Input file: v:\gestor\escaneados\backup\Cbr_004207.pdf
[01-12-2014 8:39:02]  Load file success.
[01-12-2014 8:39:02]  Processce file.
[01-12-2014 8:39:06]  0 blank page(s) have been deleted.
[01-12-2014 8:39:08]  Save to: V:\gestor\escaneados\Cbr_004207.pdf
[01-12-2014 8:39:08]  Task end.
[01-12-2014 8:40:31]  Task start.
[01-12-2014 8:40:31]  Input file: v:\gestor\escaneados\backup\Cbr_004213.pdf
[01-12-2014 8:40:32]  Load file success.
[01-12-2014 8:40:32]  Processce file.
[01-12-2014 8:40:44]  0 blank page(s) have been deleted.
[01-12-2014 8:40:51]  Save to: V:\gestor\escaneados\Cbr_004213.pdf
[01-12-2014 8:40:51]  Task end.
[01-12-2014 8:40:54]  Task start.
[01-12-2014 8:40:54]  Input file: v:\gestor\escaneados\backup\Cbr_004233.pdf
[01-12-2014 8:40:54]  Load file success.
[01-12-2014 8:40:54]  Processce file.
[01-12-2014 8:40:55]  0 blank page(s) have been deleted.
[01-12-2014 8:40:56]  Save to: V:\gestor\escaneados\Cbr_004233.pdf
[01-12-2014 8:40:56]  Task end.
[01-12-2014 9:07:20]  Task start.
[01-12-2014 9:07:21]  Input file: v:\gestor\escaneados\backup\Cbr_004301 - copia.pdf
[01-12-2014 9:07:21]  Load file success.
[01-12-2014 9:07:21]  Processce file.
[01-12-2014 9:07:27]  0 blank page(s) have been deleted.
[01-12-2014 9:07:28]  Task start.
[01-12-2014 9:07:28]  Input file: v:\gestor\escaneados\backup\Cbr_004245 - copia.pdf
[01-12-2014 9:07:28]  Load file success.
[01-12-2014 9:07:28]  Processce file.
[01-12-2014 9:07:30]  0 blank page(s) have been deleted.
[01-12-2014 9:07:30]  Task start.
[01-12-2014 9:07:31]  Input file: v:\gestor\escaneados\backup\Cbr_004241 - copia.pdf
[01-12-2014 9:07:31]  Load file success.
[01-12-2014 9:07:31]  Processce file.
[01-12-2014 9:07:33]  0 blank page(s) have been deleted.
[01-12-2014 9:07:33]  Task start.
[01-12-2014 9:07:34]  Input file: v:\gestor\escaneados\backup\Cbr_004235 - copia.pdf
[01-12-2014 9:07:34]  Load file success.
[01-12-2014 9:07:34]  Processce file.
[01-12-2014 9:07:37]  0 blank page(s) have been deleted.
[01-12-2014 9:07:37]  Task start.
[01-12-2014 9:07:37]  Input file: v:\gestor\escaneados\backup\Cbr_004253 - copia.pdf
[01-12-2014 9:07:37]  Load file success.
[01-12-2014 9:07:38]  Processce file.
[01-12-2014 9:07:41]  1 blank page(s) have been deleted.
[01-12-2014 9:07:41]  Task start.
[01-12-2014 9:07:41]  Input file: v:\gestor\escaneados\backup\Cbr_004251 - copia.pdf
[01-12-2014 9:07:41]  Load file success.
[01-12-2014 9:07:41]  Processce file.
[01-12-2014 9:07:42]  0 blank page(s) have been deleted.
[01-12-2014 9:07:42]  Task start.
[01-12-2014 9:07:42]  Input file: v:\gestor\escaneados\backup\Cbr_004249 - copia.pdf
[01-12-2014 9:07:42]  Load file success.
[01-12-2014 9:07:43]  Processce file.
[01-12-2014 9:07:44]  0 blank page(s) have been deleted.
[01-12-2014 9:07:44]  Task start.
[01-12-2014 9:07:44]  Input file: v:\gestor\escaneados\backup\Cbr_004269 - copia.pdf
[01-12-2014 9:07:44]  Load file success.
[01-12-2014 9:07:44]  Processce file.
[01-12-2014 9:07:48]  1 blank page(s) have been deleted.
[01-12-2014 9:07:48]  Task start.
[01-12-2014 9:07:48]  Input file: v:\gestor\escaneados\backup\Cbr_004263 - copia.pdf
[01-12-2014 9:07:49]  Load file success.
[01-12-2014 9:07:49]  Processce file.
[01-12-2014 9:07:52]  0 blank page(s) have been deleted.
[01-12-2014 9:07:52]  Task start.
[01-12-2014 9:07:52]  Input file: v:\gestor\escaneados\backup\Cbr_004259 - copia.pdf
[01-12-2014 9:07:53]  Load file success.
[01-12-2014 9:07:53]  Processce file.
[01-12-2014 9:07:55]  1 blank page(s) have been deleted.
[01-12-2014 9:07:56]  Save to: V:\gestor\escaneados\Cbr_004259 - copia.pdf
[01-12-2014 9:07:56]  Task end.
[01-12-2014 9:07:56]  Task start.
[01-12-2014 9:07:56]  Input file: v:\gestor\escaneados\backup\Cbr_004283 - copia.pdf
[01-12-2014 9:07:56]  Load file success.
[01-12-2014 9:07:56]  Processce file.
[01-12-2014 9:08:01]  2 blank page(s) have been deleted.
[01-12-2014 9:08:03]  Save to: V:\gestor\escaneados\Cbr_004283 - copia.pdf
[01-12-2014 9:08:03]  Task end.
[01-12-2014 9:08:03]  Task start.
[01-12-2014 9:08:03]  Input file: v:\gestor\escaneados\backup\Cbr_004277 - copia.pdf
[01-12-2014 9:08:03]  Load file success.
[01-12-2014 9:08:03]  Processce file.
[01-12-2014 9:08:07]  1 blank page(s) have been deleted.
[01-12-2014 9:08:09]  Save to: V:\gestor\escaneados\Cbr_004277 - copia.pdf
[01-12-2014 9:08:09]  Task end.
[01-12-2014 9:08:09]  Task start.
[01-12-2014 9:08:09]  Input file: v:\gestor\escaneados\backup\Cbr_004299 - copia.pdf
[01-12-2014 9:08:10]  Load file success.
[01-12-2014 9:08:10]  Processce file.
[01-12-2014 9:08:11]  0 blank page(s) have been deleted.
[01-12-2014 9:08:12]  Save to: V:\gestor\escaneados\Cbr_004299 - copia.pdf
[01-12-2014 9:08:12]  Task end.
[01-12-2014 9:08:12]  Task start.
[01-12-2014 9:08:12]  Input file: v:\gestor\escaneados\backup\Cbr_004295 - copia.pdf
[01-12-2014 9:08:12]  Load file success.
[01-12-2014 9:08:12]  Processce file.
[01-12-2014 9:08:15]  1 blank page(s) have been deleted.
[01-12-2014 9:08:16]  Save to: V:\gestor\escaneados\Cbr_004295 - copia.pdf
[01-12-2014 9:08:16]  Task end.
[01-12-2014 9:08:16]  Task start.
[01-12-2014 9:08:16]  Input file: v:\gestor\escaneados\backup\Cbr_004291 - copia.pdf
[01-12-2014 9:08:16]  Load file success.
[01-12-2014 9:08:16]  Processce file.
[01-12-2014 9:08:20]  1 blank page(s) have been deleted.
[01-12-2014 9:08:21]  Save to: V:\gestor\escaneados\Cbr_004291 - copia.pdf
[01-12-2014 9:08:21]  Task end.
[01-12-2014 9:08:23]  Save to: V:\gestor\escaneados\Cbr_004263 - copia.pdf
[01-12-2014 9:08:23]  Task end.
[01-12-2014 9:08:25]  Save to: V:\gestor\escaneados\Cbr_004269 - copia.pdf
[01-12-2014 9:08:25]  Task end.
[01-12-2014 9:08:26]  Save to: V:\gestor\escaneados\Cbr_004249 - copia.pdf
[01-12-2014 9:08:27]  Task end.
[01-12-2014 9:08:27]  Save to: V:\gestor\escaneados\Cbr_004251 - copia.pdf
[01-12-2014 9:08:27]  Task end.
[01-12-2014 9:08:30]  Save to: V:\gestor\escaneados\Cbr_004253 - copia.pdf
[01-12-2014 9:08:30]  Task end.
[01-12-2014 9:08:32]  Save to: V:\gestor\escaneados\Cbr_004235 - copia.pdf
[01-12-2014 9:08:32]  Task end.
[01-12-2014 9:08:33]  Save to: V:\gestor\escaneados\Cbr_004241 - copia.pdf
[01-12-2014 9:08:33]  Task end.
[01-12-2014 9:08:35]  Save to: V:\gestor\escaneados\Cbr_004245 - copia.pdf
[01-12-2014 9:08:35]  Task end.
[01-12-2014 9:08:37]  Save to: V:\gestor\escaneados\Cbr_004301 - copia.pdf
[01-12-2014 9:08:37]  Task end.
[01-12-2014 16:25:57]  Task start.
[01-12-2014 16:25:57]  Input file: v:\gestor\escaneados\backup\Cbr_004313.pdf
[01-12-2014 16:25:57]  Load file success.
[01-12-2014 16:25:57]  Processce file.
[01-12-2014 16:26:02]  1 blank page(s) have been deleted.
[01-12-2014 16:26:03]  Save to: V:\gestor\escaneados\Cbr_004313.pdf
[01-12-2014 16:26:03]  Task end.
[01-12-2014 16:26:34]  Task start.
[01-12-2014 16:26:34]  Input file: v:\gestor\escaneados\backup\Cbr_004317.pdf
[01-12-2014 16:26:34]  Load file success.
[01-12-2014 16:26:34]  Processce file.
[01-12-2014 16:26:37]  1 blank page(s) have been deleted.
[01-12-2014 16:26:38]  Save to: V:\gestor\escaneados\Cbr_004317.pdf
[01-12-2014 16:26:38]  Task end.
[01-12-2014 16:27:16]  Task start.
[01-12-2014 16:27:16]  Input file: v:\gestor\escaneados\backup\Cbr_004321.pdf
[01-12-2014 16:27:16]  Load file success.
[01-12-2014 16:27:16]  Processce file.
[01-12-2014 16:27:20]  0 blank page(s) have been deleted.
[01-12-2014 16:27:29]  Save to: V:\gestor\escaneados\Cbr_004321.pdf
[01-12-2014 16:27:29]  Task end.
